{"logLevel":"debug","message":"multithreading is set to false"}
{"logLevel":"debug","message":"Using reflection to scan dependencies for gauge implementations..."}
{"logLevel":"debug","message":"gauge-java took 2208milliseconds to load and scan. This should be less than 'runner_connection_timeout' config value."}
{"logLevel":"debug","message":"run 'gauge config runner_connection_timeout' and verify that it is < 2208"}
{"logLevel":"debug","message":"starting gRPC server..."}
{"logLevel":"debug","message":"started gRPC server on port 64592"}
{"logLevel":"info","message":"Listening on port:64592"}
[pool-1-thread-1] INFO org.reflections.Reflections - Reflections took 2818 ms to scan 90 urls, producing 10312 keys and 55859 values
{"logLevel":"debug","message":"Scanning packages for steps"}
{"logLevel":"debug","message":"Comparing 'pages.GuestPage.controlTrendyolHomePage' and 'pages.GuestPage.controlTrendyolHomePage'"}
{"logLevel":"debug","message":"Found Trendyol sayfasının geldiğini kontrol et in current project scope."}
{"logLevel":"debug","message":"Comparing 'pages.GuestPage.waitForsecond' and 'pages.GuestPage.waitForsecond'"}
{"logLevel":"debug","message":"Found {} saniye bekle in current project scope."}
{"logLevel":"debug","message":"Comparing 'pages.GuestPage.findLoginButton' and 'pages.GuestPage.findLoginButton'"}
{"logLevel":"debug","message":"Found Login butonunu bul in current project scope."}
{"logLevel":"debug","message":"Comparing 'pages.GuestPage.loginClick' and 'pages.GuestPage.loginClick'"}
{"logLevel":"debug","message":"Found Login butonuna tıkla in current project scope."}
{"logLevel":"debug","message":"Scanning packages for hooks"}
{"logLevel":"debug","message":"Scanned steps (using static parsing + reflections): "}
{"logLevel":"debug","message":"\tLogin butonunu bul : public void findLoginButton()"}
{"logLevel":"debug","message":"\tLogin butonuna tıkla : public void loginClick()"}
{"logLevel":"debug","message":"\t{} saniye bekle : public void waitForsecond(ınt time) throws InterruptedException"}
{"logLevel":"debug","message":"\tTrendyol sayfasının geldiğini kontrol et : public void controlTrendyolHomePage()"}
[pool-2-thread-1] INFO org.reflections.Reflections - Reflections took 940 ms to scan 90 urls, producing 10228 keys and 46844 values
Starting ChromeDriver 106.0.5249.61 (511755355844955cd3e264779baf0dd38212a4d0-refs/branch-heads/5249@{#569}) on port 40850
Only local connections are allowed.
Please see https://chromedriver.chromium.org/security-considerations for suggestions on keeping ChromeDriver safe.
ChromeDriver was started successfully.
Eki 06, 2022 3:00:52 PM org.openqa.selenium.remote.ProtocolHandshake createSession
INFO: Detected dialect: W3C
{"logLevel":"debug","message":"Executing '{} saniye bekle' using 'class pages.GuestPage.waitForsecond"}
{"logLevel":"debug","message":"Executing 'Trendyol sayfasının geldiğini kontrol et' using 'class pages.GuestPage.controlTrendyolHomePage"}
15:01:17.323 [pool-2-thread-1] ERROR methods.Methods - Expected condition failed: waiting for visibility of element located by By.xpath: //p[text() = 'Giriş Yap'] (tried for 20 second(s) with 250 milliseconds interval)
Build info: version: '3.141.59', revision: 'e82be7d358', time: '2018-11-14T08:17:03'
System info: host: 'DESKTOP-C7OQDPN', ip: '10.1.34.71', os.name: 'Windows 10', os.arch: 'amd64', os.version: '10.0', java.version: '1.8.0_341'
Driver info: driver.version: unknown
{"logLevel":"debug","message":"Killing Java runner..."}
{"logLevel":"debug","message":"Stopping execution pool..."}
{"logLevel":"debug","message":"Shutting down grpc server..."}
{"logLevel":"debug","message":"Runner killed gracefully."}
