{"logLevel":"debug","message":"multithreading is set to false"}
{"logLevel":"debug","message":"Using reflection to scan dependencies for gauge implementations..."}
{"logLevel":"debug","message":"gauge-java took 2285milliseconds to load and scan. This should be less than 'runner_connection_timeout' config value."}
{"logLevel":"debug","message":"run 'gauge config runner_connection_timeout' and verify that it is < 2285"}
{"logLevel":"debug","message":"starting gRPC server..."}
{"logLevel":"debug","message":"started gRPC server on port 52516"}
{"logLevel":"info","message":"Listening on port:52516"}
[pool-1-thread-1] INFO org.reflections.Reflections - Reflections took 2919 ms to scan 90 urls, producing 10312 keys and 55859 values
{"logLevel":"debug","message":"Scanning packages for steps"}
{"logLevel":"debug","message":"Comparing 'pages.GuestPage.controlTrendyolHomePage' and 'pages.GuestPage.controlTrendyolHomePage'"}
{"logLevel":"debug","message":"Found Trendyol sayfasının geldiğini kontrol et in current project scope."}
{"logLevel":"debug","message":"Comparing 'pages.GuestPage.waitForsecond' and 'pages.GuestPage.waitForsecond'"}
{"logLevel":"debug","message":"Found {} saniye bekle in current project scope."}
{"logLevel":"debug","message":"Comparing 'pages.GuestPage.findLoginButton' and 'pages.GuestPage.findLoginButton'"}
{"logLevel":"debug","message":"Found Login butonunu bul in current project scope."}
{"logLevel":"debug","message":"Comparing 'pages.GuestPage.loginClick' and 'pages.GuestPage.loginClick'"}
{"logLevel":"debug","message":"Found Login butonuna tıkla in current project scope."}
{"logLevel":"debug","message":"Scanning packages for hooks"}
{"logLevel":"debug","message":"Scanned steps (using static parsing + reflections): "}
{"logLevel":"debug","message":"\tLogin butonunu bul : public void findLoginButton()"}
{"logLevel":"debug","message":"\tLogin butonuna tıkla : public void loginClick()"}
{"logLevel":"debug","message":"\t{} saniye bekle : public void waitForsecond(ınt time) throws InterruptedException"}
{"logLevel":"debug","message":"\tTrendyol sayfasının geldiğini kontrol et : public void controlTrendyolHomePage()"}
[pool-2-thread-1] INFO org.reflections.Reflections - Reflections took 1075 ms to scan 90 urls, producing 10228 keys and 46844 values
{"logLevel":"debug","message":"Killing Java runner..."}
{"logLevel":"debug","message":"Stopping execution pool..."}
{"logLevel":"debug","message":"Shutting down grpc server..."}
{"logLevel":"debug","message":"Runner killed gracefully."}
