{"logLevel":"debug","message":"multithreading is set to false"}
{"logLevel":"debug","message":"Using reflection to scan dependencies for gauge implementations..."}
{"logLevel":"debug","message":"gauge-java took 2132milliseconds to load and scan. This should be less than 'runner_connection_timeout' config value."}
{"logLevel":"debug","message":"run 'gauge config runner_connection_timeout' and verify that it is < 2132"}
{"logLevel":"debug","message":"starting gRPC server..."}
{"logLevel":"debug","message":"started gRPC server on port 50786"}
{"logLevel":"info","message":"Listening on port:50786"}
[pool-1-thread-1] INFO org.reflections.Reflections - Reflections took 2855 ms to scan 90 urls, producing 10312 keys and 55859 values
{"logLevel":"debug","message":"Scanning packages for steps"}
{"logLevel":"debug","message":"Comparing 'pages.GuestPage.controlTrendyolHomePage' and 'pages.GuestPage.controlTrendyolHomePage'"}
{"logLevel":"debug","message":"Found Trendyol sayfasının geldiğini kontrol et in current project scope."}
{"logLevel":"debug","message":"Comparing 'pages.GuestPage.waitForsecond' and 'pages.GuestPage.waitForsecond'"}
{"logLevel":"debug","message":"Found {} saniye bekle in current project scope."}
{"logLevel":"debug","message":"Comparing 'pages.GuestPage.findLoginButton' and 'pages.GuestPage.findLoginButton'"}
{"logLevel":"debug","message":"Found Login butonunu bul in current project scope."}
{"logLevel":"debug","message":"Comparing 'pages.GuestPage.loginClick' and 'pages.GuestPage.loginClick'"}
{"logLevel":"debug","message":"Found Login butonuna tıkla in current project scope."}
{"logLevel":"debug","message":"Scanning packages for hooks"}
{"logLevel":"debug","message":"Scanned steps (using static parsing + reflections): "}
{"logLevel":"debug","message":"\tLogin butonunu bul : public void findLoginButton()"}
{"logLevel":"debug","message":"\tLogin butonuna tıkla : public void loginClick()"}
{"logLevel":"debug","message":"\t{} saniye bekle : public void waitForsecond(ınt time) throws InterruptedException"}
{"logLevel":"debug","message":"\tTrendyol sayfasının geldiğini kontrol et : public void controlTrendyolHomePage()"}
[pool-2-thread-1] INFO org.reflections.Reflections - Reflections took 1134 ms to scan 90 urls, producing 10228 keys and 46844 values
Starting ChromeDriver 106.0.5249.61 (511755355844955cd3e264779baf0dd38212a4d0-refs/branch-heads/5249@{#569}) on port 34298
Only local connections are allowed.
Please see https://chromedriver.chromium.org/security-considerations for suggestions on keeping ChromeDriver safe.
ChromeDriver was started successfully.
Eki 06, 2022 2:58:46 PM org.openqa.selenium.remote.ProtocolHandshake createSession
INFO: Detected dialect: W3C
{"logLevel":"debug","message":"Executing '{} saniye bekle' using 'class pages.GuestPage.waitForsecond"}
{"logLevel":"debug","message":"Executing 'Trendyol sayfasının geldiğini kontrol et' using 'class pages.GuestPage.controlTrendyolHomePage"}
{"logLevel":"debug","message":"Executing '{} saniye bekle' using 'class pages.GuestPage.waitForsecond"}
{"logLevel":"debug","message":"Executing 'Login butonunu bul' using 'class pages.GuestPage.findLoginButton"}
{"logLevel":"debug","message":"Executing '{} saniye bekle' using 'class pages.GuestPage.waitForsecond"}
{"logLevel":"debug","message":"Executing 'Login butonuna tıkla' using 'class pages.GuestPage.loginClick"}
{"logLevel":"debug","message":"Killing Java runner..."}
{"logLevel":"debug","message":"Stopping execution pool..."}
{"logLevel":"debug","message":"Shutting down grpc server..."}
{"logLevel":"debug","message":"Runner killed gracefully."}
